  [1m[36m (1130.9ms)[0m  [1mCREATE TABLE "schema_migrations" ("version" varchar(255) NOT NULL) [0m
  [1m[35m (430.7ms)[0m  CREATE UNIQUE INDEX "unique_schema_migrations" ON "schema_migrations" ("version")
  [1m[36mActiveRecord::SchemaMigration Load (0.1ms)[0m  [1mSELECT "schema_migrations".* FROM "schema_migrations"[0m
Migrating to CreateUsuarios (20130902210040)
  [1m[35m (0.1ms)[0m  begin transaction
  [1m[36m (0.5ms)[0m  [1mCREATE TABLE "usuarios" ("id" INTEGER PRIMARY KEY AUTOINCREMENT NOT NULL, "nombre" varchar(255), "apellido" varchar(255), "email" varchar(255), "passwd" varchar(255), "created_at" datetime, "updated_at" datetime) [0m
  [1m[35mSQL (0.4ms)[0m  INSERT INTO "schema_migrations" ("version") VALUES (?)  [["version", "20130902210040"]]
  [1m[36m (372.9ms)[0m  [1mcommit transaction[0m
Migrating to CreateVideos (20130902210418)
  [1m[35m (0.1ms)[0m  begin transaction
  [1m[36m (0.1ms)[0m  [1mrollback transaction[0m
  [1m[36mActiveRecord::SchemaMigration Load (0.1ms)[0m  [1mSELECT "schema_migrations".* FROM "schema_migrations"[0m
Migrating to CreateVideos (20130902210418)
  [1m[35m (0.1ms)[0m  begin transaction
  [1m[36m (0.1ms)[0m  [1mrollback transaction[0m
  [1m[36mActiveRecord::SchemaMigration Load (0.1ms)[0m  [1mSELECT "schema_migrations".* FROM "schema_migrations"[0m
Migrating to CreateVideos (20130902211246)
  [1m[35m (0.1ms)[0m  begin transaction
  [1m[36m (0.5ms)[0m  [1mCREATE TABLE "videos" ("id" INTEGER PRIMARY KEY AUTOINCREMENT NOT NULL, "nombre" varchar(255), "usuario_id" integer, "fecha_upload" datetime, "mensaje" varchar(255), "estado" integer, "fecha_publicado" datetime, "ruta" varchar(255), "created_at" datetime, "updated_at" datetime) [0m
  [1m[35mSQL (0.8ms)[0m  INSERT INTO "schema_migrations" ("version") VALUES (?)  [["version", "20130902211246"]]
  [1m[36m (359.1ms)[0m  [1mcommit transaction[0m
  [1m[35mActiveRecord::SchemaMigration Load (1.1ms)[0m  SELECT "schema_migrations".* FROM "schema_migrations"


Started GET "/" for 127.0.0.1 at 2013-09-02 16:19:41 -0500
  [1m[36mActiveRecord::SchemaMigration Load (0.1ms)[0m  [1mSELECT "schema_migrations".* FROM "schema_migrations"[0m
Processing by Rails::WelcomeController#index as HTML
  Rendered /home/cloud/.rvm/gems/ruby-2.0.0-p247/gems/railties-4.0.0/lib/rails/templates/rails/welcome/index.html.erb (1.3ms)
Completed 200 OK in 51ms (Views: 9.1ms | ActiveRecord: 0.0ms)


Started GET "/videos" for 127.0.0.1 at 2013-09-02 16:19:47 -0500
Processing by VideosController#index as HTML
  [1m[35mVideo Load (0.2ms)[0m  SELECT "videos".* FROM "videos"
  Rendered videos/index.html.erb within layouts/application (3.5ms)
Completed 200 OK in 1333ms (Views: 1321.3ms | ActiveRecord: 0.6ms)


Started GET "/assets/application.css?body=1" for 127.0.0.1 at 2013-09-02 16:19:49 -0500


Started GET "/assets/scaffolds.css?body=1" for 127.0.0.1 at 2013-09-02 16:19:49 -0500


Started GET "/assets/videos.css?body=1" for 127.0.0.1 at 2013-09-02 16:19:49 -0500


Started GET "/assets/jquery.js?body=1" for 127.0.0.1 at 2013-09-02 16:19:49 -0500


Started GET "/assets/usuarios.css?body=1" for 127.0.0.1 at 2013-09-02 16:19:49 -0500


Started GET "/assets/jquery_ujs.js?body=1" for 127.0.0.1 at 2013-09-02 16:19:49 -0500


Started GET "/assets/usuarios.js?body=1" for 127.0.0.1 at 2013-09-02 16:19:49 -0500


Started GET "/assets/turbolinks.js?body=1" for 127.0.0.1 at 2013-09-02 16:19:49 -0500


Started GET "/assets/application.js?body=1" for 127.0.0.1 at 2013-09-02 16:19:49 -0500


Started GET "/assets/videos.js?body=1" for 127.0.0.1 at 2013-09-02 16:19:49 -0500


Started GET "/usuarios" for 127.0.0.1 at 2013-09-02 16:19:59 -0500
Processing by UsuariosController#index as HTML
  [1m[36mUsuario Load (0.1ms)[0m  [1mSELECT "usuarios".* FROM "usuarios"[0m
  Rendered usuarios/index.html.erb within layouts/application (3.7ms)
Completed 200 OK in 31ms (Views: 18.3ms | ActiveRecord: 0.4ms)


Started GET "/assets/application.css?body=1" for 127.0.0.1 at 2013-09-02 16:19:59 -0500


Started GET "/assets/scaffolds.css?body=1" for 127.0.0.1 at 2013-09-02 16:19:59 -0500


Started GET "/assets/jquery.js?body=1" for 127.0.0.1 at 2013-09-02 16:19:59 -0500


Started GET "/assets/jquery_ujs.js?body=1" for 127.0.0.1 at 2013-09-02 16:19:59 -0500


Started GET "/assets/turbolinks.js?body=1" for 127.0.0.1 at 2013-09-02 16:19:59 -0500


Started GET "/assets/application.js?body=1" for 127.0.0.1 at 2013-09-02 16:19:59 -0500


Started GET "/usuarios/new" for 127.0.0.1 at 2013-09-02 16:20:02 -0500
Processing by UsuariosController#new as HTML
  Rendered usuarios/_form.html.erb (126.6ms)
  Rendered usuarios/new.html.erb within layouts/application (130.9ms)
Completed 200 OK in 139ms (Views: 137.6ms | ActiveRecord: 0.1ms)


Started POST "/usuarios" for 127.0.0.1 at 2013-09-02 16:20:15 -0500
Processing by UsuariosController#create as HTML
  Parameters: {"utf8"=>"✓", "authenticity_token"=>"2RXGyt8AH46gNHGbCApUS+g4etKTu15/QJOdi6nDVwM=", "usuario"=>{"nombre"=>"Oscar ", "apellido"=>"Garces", "email"=>"ok.garces", "passwd"=>"asdad"}, "commit"=>"Create Usuario"}
  [1m[35m (0.2ms)[0m  begin transaction
  [1m[36mSQL (12.8ms)[0m  [1mINSERT INTO "usuarios" ("apellido", "created_at", "email", "nombre", "passwd", "updated_at") VALUES (?, ?, ?, ?, ?, ?)[0m  [["apellido", "Garces"], ["created_at", Mon, 02 Sep 2013 21:20:15 UTC +00:00], ["email", "ok.garces"], ["nombre", "Oscar "], ["passwd", "asdad"], ["updated_at", Mon, 02 Sep 2013 21:20:15 UTC +00:00]]
  [1m[35m (1461.4ms)[0m  commit transaction
Redirected to http://localhost:3000/usuarios/1
Completed 302 Found in 1482ms (ActiveRecord: 1474.5ms)


Started GET "/usuarios/1" for 127.0.0.1 at 2013-09-02 16:20:17 -0500
Processing by UsuariosController#show as HTML
  Parameters: {"id"=>"1"}
  [1m[36mUsuario Load (0.4ms)[0m  [1mSELECT "usuarios".* FROM "usuarios" WHERE "usuarios"."id" = ? LIMIT 1[0m  [["id", "1"]]
  Rendered usuarios/show.html.erb within layouts/application (1.4ms)
Completed 200 OK in 23ms (Views: 16.2ms | ActiveRecord: 0.4ms)


Started GET "/assets/application.css?body=1" for 127.0.0.1 at 2013-09-02 16:20:17 -0500


Started GET "/assets/scaffolds.css?body=1" for 127.0.0.1 at 2013-09-02 16:20:17 -0500


Started GET "/assets/jquery_ujs.js?body=1" for 127.0.0.1 at 2013-09-02 16:20:17 -0500


Started GET "/assets/jquery.js?body=1" for 127.0.0.1 at 2013-09-02 16:20:17 -0500


Started GET "/assets/turbolinks.js?body=1" for 127.0.0.1 at 2013-09-02 16:20:17 -0500


Started GET "/assets/application.js?body=1" for 127.0.0.1 at 2013-09-02 16:20:17 -0500


Started GET "/usuarios" for 127.0.0.1 at 2013-09-02 16:20:19 -0500
Processing by UsuariosController#index as HTML
  [1m[35mUsuario Load (0.2ms)[0m  SELECT "usuarios".* FROM "usuarios"
  Rendered usuarios/index.html.erb within layouts/application (2.6ms)
Completed 200 OK in 9ms (Views: 7.5ms | ActiveRecord: 0.2ms)


Started GET "/videos" for 127.0.0.1 at 2013-09-02 16:20:23 -0500
Processing by VideosController#index as HTML
  [1m[36mVideo Load (0.1ms)[0m  [1mSELECT "videos".* FROM "videos"[0m
  Rendered videos/index.html.erb within layouts/application (2.2ms)
Completed 200 OK in 14ms (Views: 7.3ms | ActiveRecord: 0.1ms)


Started GET "/assets/application.css?body=1" for 127.0.0.1 at 2013-09-02 16:20:23 -0500


Started GET "/assets/scaffolds.css?body=1" for 127.0.0.1 at 2013-09-02 16:20:23 -0500


Started GET "/assets/jquery.js?body=1" for 127.0.0.1 at 2013-09-02 16:20:23 -0500


Started GET "/assets/jquery_ujs.js?body=1" for 127.0.0.1 at 2013-09-02 16:20:23 -0500


Started GET "/assets/application.js?body=1" for 127.0.0.1 at 2013-09-02 16:20:23 -0500


Started GET "/assets/turbolinks.js?body=1" for 127.0.0.1 at 2013-09-02 16:20:23 -0500


Started GET "/videos/new" for 127.0.0.1 at 2013-09-02 16:20:25 -0500
Processing by VideosController#new as HTML
  Rendered videos/_form.html.erb (166.5ms)
  Rendered videos/new.html.erb within layouts/application (168.6ms)
Completed 200 OK in 175ms (Views: 173.4ms | ActiveRecord: 0.2ms)


Started POST "/videos" for 127.0.0.1 at 2013-09-02 16:20:55 -0500
Processing by VideosController#create as HTML
  Parameters: {"utf8"=>"✓", "authenticity_token"=>"2RXGyt8AH46gNHGbCApUS+g4etKTu15/QJOdi6nDVwM=", "video"=>{"nombre"=>"Video nuevo", "usuario_id"=>"1", "fecha_upload(1i)"=>"2013", "fecha_upload(2i)"=>"9", "fecha_upload(3i)"=>"2", "fecha_upload(4i)"=>"21", "fecha_upload(5i)"=>"20", "mensaje"=>"Hola Mundo", "estado"=>"0", "fecha_publicado(1i)"=>"2013", "fecha_publicado(2i)"=>"9", "fecha_publicado(3i)"=>"2", "fecha_publicado(4i)"=>"21", "fecha_publicado(5i)"=>"20", "ruta"=>""}, "commit"=>"Create Video"}
  [1m[35m (0.2ms)[0m  begin transaction
  [1m[36mSQL (1.8ms)[0m  [1mINSERT INTO "videos" ("created_at", "estado", "fecha_publicado", "fecha_upload", "mensaje", "nombre", "ruta", "updated_at", "usuario_id") VALUES (?, ?, ?, ?, ?, ?, ?, ?, ?)[0m  [["created_at", Mon, 02 Sep 2013 21:20:55 UTC +00:00], ["estado", 0], ["fecha_publicado", Mon, 02 Sep 2013 21:20:00 UTC +00:00], ["fecha_upload", Mon, 02 Sep 2013 21:20:00 UTC +00:00], ["mensaje", "Hola Mundo"], ["nombre", "Video nuevo"], ["ruta", ""], ["updated_at", Mon, 02 Sep 2013 21:20:55 UTC +00:00], ["usuario_id", 1]]
  [1m[35m (637.3ms)[0m  commit transaction
Redirected to http://localhost:3000/videos/1
Completed 302 Found in 658ms (ActiveRecord: 639.3ms)


Started GET "/videos/1" for 127.0.0.1 at 2013-09-02 16:20:56 -0500
Processing by VideosController#show as HTML
  Parameters: {"id"=>"1"}
  [1m[36mVideo Load (0.3ms)[0m  [1mSELECT "videos".* FROM "videos" WHERE "videos"."id" = ? LIMIT 1[0m  [["id", "1"]]
  Rendered videos/show.html.erb within layouts/application (2.0ms)
Completed 200 OK in 48ms (Views: 46.4ms | ActiveRecord: 0.3ms)


Started GET "/assets/application.css?body=1" for 127.0.0.1 at 2013-09-02 16:20:56 -0500


Started GET "/assets/scaffolds.css?body=1" for 127.0.0.1 at 2013-09-02 16:20:56 -0500


Started GET "/assets/jquery.js?body=1" for 127.0.0.1 at 2013-09-02 16:20:56 -0500


Started GET "/assets/jquery_ujs.js?body=1" for 127.0.0.1 at 2013-09-02 16:20:56 -0500


Started GET "/assets/turbolinks.js?body=1" for 127.0.0.1 at 2013-09-02 16:20:56 -0500


Started GET "/assets/application.js?body=1" for 127.0.0.1 at 2013-09-02 16:20:56 -0500
  [1m[36mUsuario Load (0.2ms)[0m  [1mSELECT "usuarios".* FROM "usuarios" ORDER BY "usuarios"."id" ASC LIMIT 1[0m
  [1m[35mUsuario Load (0.3ms)[0m  SELECT "usuarios".* FROM "usuarios" ORDER BY "usuarios"."id" ASC LIMIT 1
  [1m[36mVideo Load (3.4ms)[0m  [1mSELECT "videos".* FROM "videos" WHERE "videos"."usuario_id" = ?[0m  [["usuario_id", 1]]


Started GET "/" for 127.0.0.1 at 2013-09-02 19:04:17 -0500
Processing by Rails::WelcomeController#index as HTML
  Rendered /home/cloud/.rvm/gems/ruby-2.0.0-p247/gems/railties-4.0.0/lib/rails/templates/rails/welcome/index.html.erb (0.1ms)
Completed 200 OK in 9ms (Views: 8.5ms | ActiveRecord: 0.0ms)


Started GET "/videos" for 127.0.0.1 at 2013-09-02 19:04:22 -0500
Processing by VideosController#index as HTML
  [1m[35mVideo Load (0.3ms)[0m  SELECT "videos".* FROM "videos"
  Rendered videos/index.html.erb within layouts/application (6.1ms)
Completed 200 OK in 67ms (Views: 65.6ms | ActiveRecord: 0.3ms)


Started GET "/assets/style.css?body=1" for 127.0.0.1 at 2013-09-02 19:04:22 -0500


Started GET "/javascripts/style.js" for 127.0.0.1 at 2013-09-02 19:04:22 -0500

ActionController::RoutingError (No route matches [GET] "/javascripts/style.js"):
  actionpack (4.0.0) lib/action_dispatch/middleware/debug_exceptions.rb:21:in `call'
  actionpack (4.0.0) lib/action_dispatch/middleware/show_exceptions.rb:30:in `call'
  railties (4.0.0) lib/rails/rack/logger.rb:38:in `call_app'
  railties (4.0.0) lib/rails/rack/logger.rb:21:in `block in call'
  activesupport (4.0.0) lib/active_support/tagged_logging.rb:67:in `block in tagged'
  activesupport (4.0.0) lib/active_support/tagged_logging.rb:25:in `tagged'
  activesupport (4.0.0) lib/active_support/tagged_logging.rb:67:in `tagged'
  railties (4.0.0) lib/rails/rack/logger.rb:21:in `call'
  actionpack (4.0.0) lib/action_dispatch/middleware/request_id.rb:21:in `call'
  rack (1.5.2) lib/rack/methodoverride.rb:21:in `call'
  rack (1.5.2) lib/rack/runtime.rb:17:in `call'
  activesupport (4.0.0) lib/active_support/cache/strategy/local_cache.rb:83:in `call'
  rack (1.5.2) lib/rack/lock.rb:17:in `call'
  actionpack (4.0.0) lib/action_dispatch/middleware/static.rb:64:in `call'
  railties (4.0.0) lib/rails/engine.rb:511:in `call'
  railties (4.0.0) lib/rails/application.rb:97:in `call'
  rack (1.5.2) lib/rack/lock.rb:17:in `call'
  rack (1.5.2) lib/rack/content_length.rb:14:in `call'
  rack (1.5.2) lib/rack/handler/webrick.rb:60:in `service'
  /home/cloud/.rvm/rubies/ruby-2.0.0-p247/lib/ruby/2.0.0/webrick/httpserver.rb:138:in `service'
  /home/cloud/.rvm/rubies/ruby-2.0.0-p247/lib/ruby/2.0.0/webrick/httpserver.rb:94:in `run'
  /home/cloud/.rvm/rubies/ruby-2.0.0-p247/lib/ruby/2.0.0/webrick/server.rb:295:in `block in start_thread'


  Rendered /home/cloud/.rvm/gems/ruby-2.0.0-p247/gems/actionpack-4.0.0/lib/action_dispatch/middleware/templates/rescues/_trace.erb (2.0ms)
  Rendered /home/cloud/.rvm/gems/ruby-2.0.0-p247/gems/actionpack-4.0.0/lib/action_dispatch/middleware/templates/routes/_route.html.erb (1.8ms)
  Rendered /home/cloud/.rvm/gems/ruby-2.0.0-p247/gems/actionpack-4.0.0/lib/action_dispatch/middleware/templates/routes/_table.html.erb (64.7ms)
  Rendered /home/cloud/.rvm/gems/ruby-2.0.0-p247/gems/actionpack-4.0.0/lib/action_dispatch/middleware/templates/rescues/routing_error.erb within rescues/layout (369.1ms)


Started GET "/videos" for 127.0.0.1 at 2013-09-02 19:06:05 -0500
Processing by VideosController#index as HTML
  [1m[36mVideo Load (0.2ms)[0m  [1mSELECT "videos".* FROM "videos"[0m
  Rendered videos/index.html.erb within layouts/application (6.4ms)
Completed 200 OK in 21ms (Views: 19.5ms | ActiveRecord: 0.2ms)


Started GET "/assets/style.css?body=1" for 127.0.0.1 at 2013-09-02 19:06:05 -0500


Started GET "/javascripts/style.css.js" for 127.0.0.1 at 2013-09-02 19:06:05 -0500

ActionController::RoutingError (No route matches [GET] "/javascripts/style.css.js"):
  actionpack (4.0.0) lib/action_dispatch/middleware/debug_exceptions.rb:21:in `call'
  actionpack (4.0.0) lib/action_dispatch/middleware/show_exceptions.rb:30:in `call'
  railties (4.0.0) lib/rails/rack/logger.rb:38:in `call_app'
  railties (4.0.0) lib/rails/rack/logger.rb:21:in `block in call'
  activesupport (4.0.0) lib/active_support/tagged_logging.rb:67:in `block in tagged'
  activesupport (4.0.0) lib/active_support/tagged_logging.rb:25:in `tagged'
  activesupport (4.0.0) lib/active_support/tagged_logging.rb:67:in `tagged'
  railties (4.0.0) lib/rails/rack/logger.rb:21:in `call'
  actionpack (4.0.0) lib/action_dispatch/middleware/request_id.rb:21:in `call'
  rack (1.5.2) lib/rack/methodoverride.rb:21:in `call'
  rack (1.5.2) lib/rack/runtime.rb:17:in `call'
  activesupport (4.0.0) lib/active_support/cache/strategy/local_cache.rb:83:in `call'
  rack (1.5.2) lib/rack/lock.rb:17:in `call'
  actionpack (4.0.0) lib/action_dispatch/middleware/static.rb:64:in `call'
  railties (4.0.0) lib/rails/engine.rb:511:in `call'
  railties (4.0.0) lib/rails/application.rb:97:in `call'
  rack (1.5.2) lib/rack/lock.rb:17:in `call'
  rack (1.5.2) lib/rack/content_length.rb:14:in `call'
  rack (1.5.2) lib/rack/handler/webrick.rb:60:in `service'
  /home/cloud/.rvm/rubies/ruby-2.0.0-p247/lib/ruby/2.0.0/webrick/httpserver.rb:138:in `service'
  /home/cloud/.rvm/rubies/ruby-2.0.0-p247/lib/ruby/2.0.0/webrick/httpserver.rb:94:in `run'
  /home/cloud/.rvm/rubies/ruby-2.0.0-p247/lib/ruby/2.0.0/webrick/server.rb:295:in `block in start_thread'


  Rendered /home/cloud/.rvm/gems/ruby-2.0.0-p247/gems/actionpack-4.0.0/lib/action_dispatch/middleware/templates/rescues/_trace.erb (1.7ms)
  Rendered /home/cloud/.rvm/gems/ruby-2.0.0-p247/gems/actionpack-4.0.0/lib/action_dispatch/middleware/templates/routes/_route.html.erb (1.8ms)
  Rendered /home/cloud/.rvm/gems/ruby-2.0.0-p247/gems/actionpack-4.0.0/lib/action_dispatch/middleware/templates/routes/_table.html.erb (1.7ms)
  Rendered /home/cloud/.rvm/gems/ruby-2.0.0-p247/gems/actionpack-4.0.0/lib/action_dispatch/middleware/templates/rescues/routing_error.erb within rescues/layout (28.6ms)


Started GET "/" for 127.0.0.1 at 2013-09-02 19:06:08 -0500
Processing by Rails::WelcomeController#index as HTML
  Rendered /home/cloud/.rvm/gems/ruby-2.0.0-p247/gems/railties-4.0.0/lib/rails/templates/rails/welcome/index.html.erb (0.1ms)
Completed 200 OK in 5ms (Views: 4.3ms | ActiveRecord: 0.0ms)


Started GET "/users/1" for 127.0.0.1 at 2013-09-02 19:06:17 -0500

ActionController::RoutingError (No route matches [GET] "/users/1"):
  actionpack (4.0.0) lib/action_dispatch/middleware/debug_exceptions.rb:21:in `call'
  actionpack (4.0.0) lib/action_dispatch/middleware/show_exceptions.rb:30:in `call'
  railties (4.0.0) lib/rails/rack/logger.rb:38:in `call_app'
  railties (4.0.0) lib/rails/rack/logger.rb:21:in `block in call'
  activesupport (4.0.0) lib/active_support/tagged_logging.rb:67:in `block in tagged'
  activesupport (4.0.0) lib/active_support/tagged_logging.rb:25:in `tagged'
  activesupport (4.0.0) lib/active_support/tagged_logging.rb:67:in `tagged'
  railties (4.0.0) lib/rails/rack/logger.rb:21:in `call'
  actionpack (4.0.0) lib/action_dispatch/middleware/request_id.rb:21:in `call'
  rack (1.5.2) lib/rack/methodoverride.rb:21:in `call'
  rack (1.5.2) lib/rack/runtime.rb:17:in `call'
  activesupport (4.0.0) lib/active_support/cache/strategy/local_cache.rb:83:in `call'
  rack (1.5.2) lib/rack/lock.rb:17:in `call'
  actionpack (4.0.0) lib/action_dispatch/middleware/static.rb:64:in `call'
  railties (4.0.0) lib/rails/engine.rb:511:in `call'
  railties (4.0.0) lib/rails/application.rb:97:in `call'
  rack (1.5.2) lib/rack/lock.rb:17:in `call'
  rack (1.5.2) lib/rack/content_length.rb:14:in `call'
  rack (1.5.2) lib/rack/handler/webrick.rb:60:in `service'
  /home/cloud/.rvm/rubies/ruby-2.0.0-p247/lib/ruby/2.0.0/webrick/httpserver.rb:138:in `service'
  /home/cloud/.rvm/rubies/ruby-2.0.0-p247/lib/ruby/2.0.0/webrick/httpserver.rb:94:in `run'
  /home/cloud/.rvm/rubies/ruby-2.0.0-p247/lib/ruby/2.0.0/webrick/server.rb:295:in `block in start_thread'


  Rendered /home/cloud/.rvm/gems/ruby-2.0.0-p247/gems/actionpack-4.0.0/lib/action_dispatch/middleware/templates/rescues/_trace.erb (3.4ms)
  Rendered /home/cloud/.rvm/gems/ruby-2.0.0-p247/gems/actionpack-4.0.0/lib/action_dispatch/middleware/templates/routes/_route.html.erb (2.6ms)
  Rendered /home/cloud/.rvm/gems/ruby-2.0.0-p247/gems/actionpack-4.0.0/lib/action_dispatch/middleware/templates/routes/_table.html.erb (1.2ms)
  Rendered /home/cloud/.rvm/gems/ruby-2.0.0-p247/gems/actionpack-4.0.0/lib/action_dispatch/middleware/templates/rescues/routing_error.erb within rescues/layout (34.4ms)


Started GET "/users/1" for 127.0.0.1 at 2013-09-02 19:06:23 -0500

ActionController::RoutingError (No route matches [GET] "/users/1"):
  actionpack (4.0.0) lib/action_dispatch/middleware/debug_exceptions.rb:21:in `call'
  actionpack (4.0.0) lib/action_dispatch/middleware/show_exceptions.rb:30:in `call'
  railties (4.0.0) lib/rails/rack/logger.rb:38:in `call_app'
  railties (4.0.0) lib/rails/rack/logger.rb:21:in `block in call'
  activesupport (4.0.0) lib/active_support/tagged_logging.rb:67:in `block in tagged'
  activesupport (4.0.0) lib/active_support/tagged_logging.rb:25:in `tagged'
  activesupport (4.0.0) lib/active_support/tagged_logging.rb:67:in `tagged'
  railties (4.0.0) lib/rails/rack/logger.rb:21:in `call'
  actionpack (4.0.0) lib/action_dispatch/middleware/request_id.rb:21:in `call'
  rack (1.5.2) lib/rack/methodoverride.rb:21:in `call'
  rack (1.5.2) lib/rack/runtime.rb:17:in `call'
  activesupport (4.0.0) lib/active_support/cache/strategy/local_cache.rb:83:in `call'
  rack (1.5.2) lib/rack/lock.rb:17:in `call'
  actionpack (4.0.0) lib/action_dispatch/middleware/static.rb:64:in `call'
  railties (4.0.0) lib/rails/engine.rb:511:in `call'
  railties (4.0.0) lib/rails/application.rb:97:in `call'
  rack (1.5.2) lib/rack/lock.rb:17:in `call'
  rack (1.5.2) lib/rack/content_length.rb:14:in `call'
  rack (1.5.2) lib/rack/handler/webrick.rb:60:in `service'
  /home/cloud/.rvm/rubies/ruby-2.0.0-p247/lib/ruby/2.0.0/webrick/httpserver.rb:138:in `service'
  /home/cloud/.rvm/rubies/ruby-2.0.0-p247/lib/ruby/2.0.0/webrick/httpserver.rb:94:in `run'
  /home/cloud/.rvm/rubies/ruby-2.0.0-p247/lib/ruby/2.0.0/webrick/server.rb:295:in `block in start_thread'


  Rendered /home/cloud/.rvm/gems/ruby-2.0.0-p247/gems/actionpack-4.0.0/lib/action_dispatch/middleware/templates/rescues/_trace.erb (1.1ms)
  Rendered /home/cloud/.rvm/gems/ruby-2.0.0-p247/gems/actionpack-4.0.0/lib/action_dispatch/middleware/templates/routes/_route.html.erb (2.6ms)
  Rendered /home/cloud/.rvm/gems/ruby-2.0.0-p247/gems/actionpack-4.0.0/lib/action_dispatch/middleware/templates/routes/_table.html.erb (1.4ms)
  Rendered /home/cloud/.rvm/gems/ruby-2.0.0-p247/gems/actionpack-4.0.0/lib/action_dispatch/middleware/templates/rescues/routing_error.erb within rescues/layout (31.6ms)


Started GET "/videos" for 127.0.0.1 at 2013-09-02 19:06:28 -0500
Processing by VideosController#index as HTML
  [1m[35mVideo Load (0.3ms)[0m  SELECT "videos".* FROM "videos"
  Rendered videos/index.html.erb within layouts/application (6.5ms)
Completed 200 OK in 68ms (Views: 66.8ms | ActiveRecord: 0.3ms)


Started GET "/assets/style.css?body=1" for 127.0.0.1 at 2013-09-02 19:06:28 -0500


Started GET "/javascripts/style.css.js" for 127.0.0.1 at 2013-09-02 19:06:28 -0500

ActionController::RoutingError (No route matches [GET] "/javascripts/style.css.js"):
  actionpack (4.0.0) lib/action_dispatch/middleware/debug_exceptions.rb:21:in `call'
  actionpack (4.0.0) lib/action_dispatch/middleware/show_exceptions.rb:30:in `call'
  railties (4.0.0) lib/rails/rack/logger.rb:38:in `call_app'
  railties (4.0.0) lib/rails/rack/logger.rb:21:in `block in call'
  activesupport (4.0.0) lib/active_support/tagged_logging.rb:67:in `block in tagged'
  activesupport (4.0.0) lib/active_support/tagged_logging.rb:25:in `tagged'
  activesupport (4.0.0) lib/active_support/tagged_logging.rb:67:in `tagged'
  railties (4.0.0) lib/rails/rack/logger.rb:21:in `call'
  actionpack (4.0.0) lib/action_dispatch/middleware/request_id.rb:21:in `call'
  rack (1.5.2) lib/rack/methodoverride.rb:21:in `call'
  rack (1.5.2) lib/rack/runtime.rb:17:in `call'
  activesupport (4.0.0) lib/active_support/cache/strategy/local_cache.rb:83:in `call'
  rack (1.5.2) lib/rack/lock.rb:17:in `call'
  actionpack (4.0.0) lib/action_dispatch/middleware/static.rb:64:in `call'
  railties (4.0.0) lib/rails/engine.rb:511:in `call'
  railties (4.0.0) lib/rails/application.rb:97:in `call'
  rack (1.5.2) lib/rack/lock.rb:17:in `call'
  rack (1.5.2) lib/rack/content_length.rb:14:in `call'
  rack (1.5.2) lib/rack/handler/webrick.rb:60:in `service'
  /home/cloud/.rvm/rubies/ruby-2.0.0-p247/lib/ruby/2.0.0/webrick/httpserver.rb:138:in `service'
  /home/cloud/.rvm/rubies/ruby-2.0.0-p247/lib/ruby/2.0.0/webrick/httpserver.rb:94:in `run'
  /home/cloud/.rvm/rubies/ruby-2.0.0-p247/lib/ruby/2.0.0/webrick/server.rb:295:in `block in start_thread'


  Rendered /home/cloud/.rvm/gems/ruby-2.0.0-p247/gems/actionpack-4.0.0/lib/action_dispatch/middleware/templates/rescues/_trace.erb (1.3ms)
  Rendered /home/cloud/.rvm/gems/ruby-2.0.0-p247/gems/actionpack-4.0.0/lib/action_dispatch/middleware/templates/routes/_route.html.erb (1.8ms)
  Rendered /home/cloud/.rvm/gems/ruby-2.0.0-p247/gems/actionpack-4.0.0/lib/action_dispatch/middleware/templates/routes/_table.html.erb (1.1ms)
  Rendered /home/cloud/.rvm/gems/ruby-2.0.0-p247/gems/actionpack-4.0.0/lib/action_dispatch/middleware/templates/rescues/routing_error.erb within rescues/layout (22.9ms)
